#
# There is insufficient memory for the Java Runtime Environment to continue.
# Native memory allocation (malloc) failed to allocate 32744 bytes for ChunkPool::allocate
# Possible reasons:
#   The system is out of physical RAM or swap space
#   In 32 bit mode, the process size limit was hit
# Possible solutions:
#   Reduce memory load on the system
#   Increase physical memory or swap space
#   Check if swap backing store is full
#   Use 64 bit Java on a 64 bit OS
#   Decrease Java heap size (-Xmx/-Xms)
#   Decrease number of Java threads
#   Decrease Java thread stack sizes (-Xss)
#   Set larger code cache with -XX:ReservedCodeCacheSize=
# This output file may be truncated or incomplete.
#
#  Out of Memory Error (allocation.cpp:273), pid=7872, tid=0x000000000000232c
#
# JRE version: OpenJDK Runtime Environment (8.0_112-b06) (build 1.8.0_112-release-b06)
# Java VM: OpenJDK 64-Bit Server VM (25.112-b06 mixed mode windows-amd64 compressed oops)
# Failed to write core dump. Minidumps are not enabled by default on client versions of Windows
#

---------------  T H R E A D  ---------------

Current thread (0x0000000057aa0800):  JavaThread "C2 CompilerThread1" daemon [_thread_in_native, id=9004, stack(0x0000000058330000,0x0000000058430000)]

Stack: [0x0000000058330000,0x0000000058430000]
[error occurred during error reporting (printing stack bounds), id 0xc0000005]

Native frames: (J=compiled Java code, j=interpreted, Vv=VM code, C=native code)


Current CompileTask:
C2:  21455 5117       4      
[error occurred during error reporting (printing current compile task), id 0xe0000001]


---------------  P R O C E S S  ---------------

Java Threads: ( => current thread )
  0x000000005f670800 JavaThread "File lock request listener" [_thread_in_native, id=5128, stack(0x000000005ecb0000,0x000000005edb0000)]
  0x0000000059c2f000 JavaThread "Stdin handler" [_thread_blocked, id=4140, stack(0x000000005c0f0000,0x000000005c1f0000)]
  0x00000000598b9000 JavaThread "Asynchronous log dispatcher for DefaultDaemonConnection: socket connection from /127.0.0.1:62346 to /127.0.0.1:62348" [_thread_blocked, id=1596, stack(0x000000005bf40000,0x000000005c040000)]
  0x0000000059c2b800 JavaThread "Daemon worker" [_thread_in_native, id=7260, stack(0x000000005bdb0000,0x000000005beb0000)]
  0x0000000059e32000 JavaThread "Cancel handler" [_thread_blocked, id=3304, stack(0x000000005bba0000,0x000000005bca0000)]
  0x0000000059bbf800 JavaThread "pool-1-thread-1" [_thread_blocked, id=5308, stack(0x000000005b990000,0x000000005ba90000)]
  0x0000000059e08000 JavaThread "Handler for socket connection from /127.0.0.1:62346 to /127.0.0.1:62348" [_thread_in_native, id=2292, stack(0x00000000590b0000,0x00000000591b0000)]
  0x0000000059e04000 JavaThread "Daemon" [_thread_blocked, id=5076, stack(0x000000005b7e0000,0x000000005b8e0000)]
  0x000000005a059000 JavaThread "Incoming local TCP Connector on port 62346" [_thread_in_native, id=1164, stack(0x0000000058430000,0x0000000058530000)]
  0x0000000057b1c000 JavaThread "Service Thread" daemon [_thread_blocked, id=6172, stack(0x0000000058540000,0x0000000058640000)]
  0x0000000057aa2000 JavaThread "C1 CompilerThread2" daemon [_thread_blocked, id=5216, stack(0x0000000057e80000,0x0000000057f80000)]
=>0x0000000057aa0800 JavaThread "C2 CompilerThread1" daemon [_thread_in_native, id=9004, stack(0x0000000058330000,0x0000000058430000)]
  0x0000000057a7b000 JavaThread "C2 CompilerThread0" daemon [_thread_in_native, id=2820, stack(0x00000000581e0000,0x00000000582e0000)]
  0x0000000057a7a800 JavaThread "Attach Listener" daemon [_thread_blocked, id=2232, stack(0x0000000057fd0000,0x00000000580d0000)]
  0x000000005625e800 JavaThread "Signal Dispatcher" daemon [_thread_blocked, id=6776, stack(0x00000000575e0000,0x00000000576e0000)]
  0x000000005623c800 JavaThread "Finalizer" daemon [_thread_blocked, id=952, stack(0x0000000057970000,0x0000000057a70000)]
  0x00000000561f3800 JavaThread "Reference Handler" daemon [_thread_blocked, id=7756, stack(0x00000000577a0000,0x00000000578a0000)]
  0x000000000262e800 JavaThread "main" [_thread_blocked, id=7928, stack(0x0000000002730000,0x0000000002830000)]

Other Threads:
  0x00000000561e8000 VMThread [stack: 0x00000000574b0000,0x00000000575b0000] [id=5884]
  0x0000000057b1f800 WatcherThread [stack: 0x0000000058760000,0x0000000058860000] [id=6188]

VM state:not at safepoint (normal execution)

VM Mutex/Monitor currently owned by a thread: None

Heap:
 PSYoungGen      total 207872K, used 77109K [0x00000000e0000000, 0x00000000edb00000, 0x0000000100000000)
  eden space 195584K, 34% used [0x00000000e0000000,0x00000000e41128d8,0x00000000ebf00000)
  from space 12288K, 85% used [0x00000000ecb80000,0x00000000ed5bad70,0x00000000ed780000)
  to   space 12800K, 0% used [0x00000000ebf00000,0x00000000ebf00000,0x00000000ecb80000)
 ParOldGen       total 72704K, used 17937K [0x00000000a0000000, 0x00000000a4700000, 0x00000000e0000000)
  object space 72704K, 24% used [0x00000000a0000000,0x00000000a11845c8,0x00000000a4700000)
 Metaspace       used 45057K, capacity 46146K, committed 46336K, reserved 1089536K
  class space    used 6042K, capacity 6284K, committed 6400K, reserved 1048576K

Card table byte_map: [0x0000000011bf0000,0x0000000011f00000] byte_map_base: 0x00000000116f0000

Marking Bits: (ParMarkBitMap*) 0x000000006cfa18f0
 Begin Bits: [0x0000000012560000, 0x0000000013d60000)
 End Bits:   [0x0000000013d60000, 0x0000000015560000)

Polling page: 0x0000000001c60000

CodeCache: size=245760Kb used=17006Kb max_used=17018Kb free=228753Kb
 bounds [0x0000000002830000, 0x00000000038e0000, 0x0000000011830000]
 total_blobs=5457 nmethods=4721 adapters=648
 compilation: enabled

Compilation events (10 events):
Event: 21.404 Thread 0x0000000057aa2000 5245       3       org.gradle.api.internal.tasks.TaskStateInternal::isConfigurable (20 bytes)
Event: 21.404 Thread 0x0000000057aa2000 nmethod 5245 0x00000000038d26d0 code [0x00000000038d2840, 0x00000000038d2af0]
Event: 21.405 Thread 0x0000000057aa2000 5246       3       org.gradle.api.internal.tasks.TaskStateInternal::getExecuted (13 bytes)
Event: 21.405 Thread 0x0000000057aa2000 nmethod 5246 0x00000000038d2350 code [0x00000000038d24a0, 0x00000000038d2650]
Event: 21.405 Thread 0x0000000057aa2000 5247       1       org.gradle.api.internal.project.taskfactory.DefaultTaskClassValidatorExtractor::access$300 (5 bytes)
Event: 21.405 Thread 0x0000000057aa2000 nmethod 5247 0x00000000038d2090 code [0x00000000038d21e0, 0x00000000038d22d0]
Event: 21.405 Thread 0x0000000057aa2000 5248       3       com.google.common.collect.ImmutableCollection::toArray (30 bytes)
Event: 21.405 Thread 0x0000000057aa2000 nmethod 5248 0x00000000038d1990 code [0x00000000038d1b20, 0x00000000038d1f88]
Event: 21.440 Thread 0x0000000057aa2000 5249       1       java.util.stream.ReferencePipeline$StatelessOp::opIsStateful (2 bytes)
Event: 21.441 Thread 0x0000000057aa2000 nmethod 5249 0x00000000038d16d0 code [0x00000000038d1820, 0x00000000038d1930]

GC Heap History (10 events):
Event: 5.523 GC heap before
{Heap before GC invocations=6 (full 1):
 PSYoungGen      total 71680K, used 66560K [0x00000000e0000000, 0x00000000e4b00000, 0x0000000100000000)
  eden space 66560K, 100% used [0x00000000e0000000,0x00000000e4100000,0x00000000e4100000)
  from space 5120K, 0% used [0x00000000e4600000,0x00000000e4600000,0x00000000e4b00000)
  to   space 5120K, 0% used [0x00000000e4100000,0x00000000e4100000,0x00000000e4600000)
 ParOldGen       total 54784K, used 9296K [0x00000000a0000000, 0x00000000a3580000, 0x00000000e0000000)
  object space 54784K, 16% used [0x00000000a0000000,0x00000000a0914130,0x00000000a3580000)
 Metaspace       used 26024K, capacity 26444K, committed 26752K, reserved 1073152K
  class space    used 3591K, capacity 3697K, committed 3712K, reserved 1048576K
Event: 5.553 GC heap after
Heap after GC invocations=6 (full 1):
 PSYoungGen      total 71680K, used 5117K [0x00000000e0000000, 0x00000000e8880000, 0x0000000100000000)
  eden space 66560K, 0% used [0x00000000e0000000,0x00000000e0000000,0x00000000e4100000)
  from space 5120K, 99% used [0x00000000e4100000,0x00000000e45ff4c8,0x00000000e4600000)
  to   space 10752K, 0% used [0x00000000e7e00000,0x00000000e7e00000,0x00000000e8880000)
 ParOldGen       total 54784K, used 12137K [0x00000000a0000000, 0x00000000a3580000, 0x00000000e0000000)
  object space 54784K, 22% used [0x00000000a0000000,0x00000000a0bda490,0x00000000a3580000)
 Metaspace       used 26024K, capacity 26444K, committed 26752K, reserved 1073152K
  class space    used 3591K, capacity 3697K, committed 3712K, reserved 1048576K
}
Event: 14.749 GC heap before
{Heap before GC invocations=7 (full 1):
 PSYoungGen      total 71680K, used 71677K [0x00000000e0000000, 0x00000000e8880000, 0x0000000100000000)
  eden space 66560K, 100% used [0x00000000e0000000,0x00000000e4100000,0x00000000e4100000)
  from space 5120K, 99% used [0x00000000e4100000,0x00000000e45ff4c8,0x00000000e4600000)
  to   space 10752K, 0% used [0x00000000e7e00000,0x00000000e7e00000,0x00000000e8880000)
 ParOldGen       total 54784K, used 12137K [0x00000000a0000000, 0x00000000a3580000, 0x00000000e0000000)
  object space 54784K, 22% used [0x00000000a0000000,0x00000000a0bda490,0x00000000a3580000)
 Metaspace       used 29518K, capacity 29986K, committed 30336K, reserved 1075200K
  class space    used 4014K, capacity 4151K, committed 4224K, reserved 1048576K
Event: 14.755 GC heap after
Heap after GC invocations=7 (full 1):
 PSYoungGen      total 121856K, used 6587K [0x00000000e0000000, 0x00000000e8500000, 0x0000000100000000)
  eden space 114688K, 0% used [0x00000000e0000000,0x00000000e0000000,0x00000000e7000000)
  from space 7168K, 91% used [0x00000000e7e00000,0x00000000e846ec78,0x00000000e8500000)
  to   space 10752K, 0% used [0x00000000e7000000,0x00000000e7000000,0x00000000e7a80000)
 ParOldGen       total 54784K, used 12209K [0x00000000a0000000, 0x00000000a3580000, 0x00000000e0000000)
  object space 54784K, 22% used [0x00000000a0000000,0x00000000a0bec4a0,0x00000000a3580000)
 Metaspace       used 29518K, capacity 29986K, committed 30336K, reserved 1075200K
  class space    used 4014K, capacity 4151K, committed 4224K, reserved 1048576K
}
Event: 15.548 GC heap before
{Heap before GC invocations=8 (full 1):
 PSYoungGen      total 121856K, used 75529K [0x00000000e0000000, 0x00000000e8500000, 0x0000000100000000)
  eden space 114688K, 60% used [0x00000000e0000000,0x00000000e4353b08,0x00000000e7000000)
  from space 7168K, 91% used [0x00000000e7e00000,0x00000000e846ec78,0x00000000e8500000)
  to   space 10752K, 0% used [0x00000000e7000000,0x00000000e7000000,0x00000000e7a80000)
 ParOldGen       total 54784K, used 12209K [0x00000000a0000000, 0x00000000a3580000, 0x00000000e0000000)
  object space 54784K, 22% used [0x00000000a0000000,0x00000000a0bec4a0,0x00000000a3580000)
 Metaspace       used 34769K, capacity 35352K, committed 35496K, reserved 1079296K
  class space    used 4657K, capacity 4814K, committed 4864K, reserved 1048576K
Event: 15.572 GC heap after
Heap after GC invocations=8 (full 1):
 PSYoungGen      total 125440K, used 10739K [0x00000000e0000000, 0x00000000ed780000, 0x0000000100000000)
  eden space 114688K, 0% used [0x00000000e0000000,0x00000000e0000000,0x00000000e7000000)
  from space 10752K, 99% used [0x00000000e7000000,0x00000000e7a7cdf8,0x00000000e7a80000)
  to   space 12288K, 0% used [0x00000000ecb80000,0x00000000ecb80000,0x00000000ed780000)
 ParOldGen       total 54784K, used 12858K [0x00000000a0000000, 0x00000000a3580000, 0x00000000e0000000)
  object space 54784K, 23% used [0x00000000a0000000,0x00000000a0c8eb70,0x00000000a3580000)
 Metaspace       used 34769K, capacity 35352K, committed 35496K, reserved 1079296K
  class space    used 4657K, capacity 4814K, committed 4864K, reserved 1048576K
}
Event: 15.572 GC heap before
{Heap before GC invocations=9 (full 2):
 PSYoungGen      total 125440K, used 10739K [0x00000000e0000000, 0x00000000ed780000, 0x0000000100000000)
  eden space 114688K, 0% used [0x00000000e0000000,0x00000000e0000000,0x00000000e7000000)
  from space 10752K, 99% used [0x00000000e7000000,0x00000000e7a7cdf8,0x00000000e7a80000)
  to   space 12288K, 0% used [0x00000000ecb80000,0x00000000ecb80000,0x00000000ed780000)
 ParOldGen       total 54784K, used 12858K [0x00000000a0000000, 0x00000000a3580000, 0x00000000e0000000)
  object space 54784K, 23% used [0x00000000a0000000,0x00000000a0c8eb70,0x00000000a3580000)
 Metaspace       used 34769K, capacity 35352K, committed 35496K, reserved 1079296K
  class space    used 4657K, capacity 4814K, committed 4864K, reserved 1048576K
Event: 15.642 GC heap after
Heap after GC invocations=9 (full 2):
 PSYoungGen      total 125440K, used 0K [0x00000000e0000000, 0x00000000ed780000, 0x0000000100000000)
  eden space 114688K, 0% used [0x00000000e0000000,0x00000000e0000000,0x00000000e7000000)
  from space 10752K, 0% used [0x00000000e7000000,0x00000000e7000000,0x00000000e7a80000)
  to   space 12288K, 0% used [0x00000000ecb80000,0x00000000ecb80000,0x00000000ed780000)
 ParOldGen       total 72704K, used 17929K [0x00000000a0000000, 0x00000000a4700000, 0x00000000e0000000)
  object space 72704K, 24% used [0x00000000a0000000,0x00000000a11825c8,0x00000000a4700000)
 Metaspace       used 34769K, capacity 35352K, committed 35496K, reserved 1079296K
  class space    used 4657K, capacity 4814K, committed 4864K, reserved 1048576K
}
Event: 19.769 GC heap before
{Heap before GC invocations=10 (full 2):
 PSYoungGen      total 125440K, used 114688K [0x00000000e0000000, 0x00000000ed780000, 0x0000000100000000)
  eden space 114688K, 100% used [0x00000000e0000000,0x00000000e7000000,0x00000000e7000000)
  from space 10752K, 0% used [0x00000000e7000000,0x00000000e7000000,0x00000000e7a80000)
  to   space 12288K, 0% used [0x00000000ecb80000,0x00000000ecb80000,0x00000000ed780000)
 ParOldGen       total 72704K, used 17929K [0x00000000a0000000, 0x00000000a4700000, 0x00000000e0000000)
  object space 72704K, 24% used [0x00000000a0000000,0x00000000a11825c8,0x00000000a4700000)
 Metaspace       used 42436K, capacity 43274K, committed 43648K, reserved 1087488K
  class space    used 5674K, capacity 5892K, committed 6016K, reserved 1048576K
Event: 19.777 GC heap after
Heap after GC invocations=10 (full 2):
 PSYoungGen      total 207872K, used 10475K [0x00000000e0000000, 0x00000000edb00000, 0x0000000100000000)
  eden space 195584K, 0% used [0x00000000e0000000,0x00000000e0000000,0x00000000ebf00000)
  from space 12288K, 85% used [0x00000000ecb80000,0x00000000ed5bad70,0x00000000ed780000)
  to   space 12800K, 0% used [0x00000000ebf00000,0x00000000ebf00000,0x00000000ecb80000)
 ParOldGen       total 72704K, used 17937K [0x00000000a0000000, 0x00000000a4700000, 0x00000000e0000000)
  object space 72704K, 24% used [0x00000000a0000000,0x00000000a11845c8,0x00000000a4700000)
 Metaspace       used 42436K, capacity 43274K, committed 43648K, reserved 1087488K
  class space    used 5674K, capacity 5892K, committed 6016K, reserved 1048576K
}

Deoptimization events (10 events):
Event: 17.845 Thread 0x0000000059c2b800 Uncommon trap: reason=class_check action=maybe_recompile pc=0x00000000032b26ec method=com.sun.org.apache.xerces.internal.impl.XMLDocumentFragmentScannerImpl.scanEndElement()I @ 142
Event: 17.845 Thread 0x0000000059c2b800 Uncommon trap: reason=class_check action=maybe_recompile pc=0x00000000032b26ec method=com.sun.org.apache.xerces.internal.impl.XMLDocumentFragmentScannerImpl.scanEndElement()I @ 142
Event: 17.846 Thread 0x0000000059c2b800 Uncommon trap: reason=bimorphic action=maybe_recompile pc=0x0000000003327194 method=com.sun.org.apache.xerces.internal.impl.XMLEntityManager$RewindableInputStream.read([BII)I @ 89
Event: 17.885 Thread 0x0000000059c2b800 Uncommon trap: reason=bimorphic action=maybe_recompile pc=0x0000000003327194 method=com.sun.org.apache.xerces.internal.impl.XMLEntityManager$RewindableInputStream.read([BII)I @ 89
Event: 18.013 Thread 0x0000000059c2b800 Uncommon trap: reason=unstable_if action=reinterpret pc=0x00000000032300c8 method=java.lang.CharacterDataLatin1.digit(II)I @ 31
Event: 18.065 Thread 0x0000000059c2b800 Uncommon trap: reason=unstable_if action=reinterpret pc=0x0000000003197ad8 method=java.lang.CharacterDataLatin1.digit(II)I @ 31
Event: 21.035 Thread 0x0000000059c2b800 Uncommon trap: reason=class_check action=maybe_recompile pc=0x0000000003580988 method=com.google.common.collect.AbstractMapBasedMultimap$WrappedCollection.refreshIfEmpty()V @ 59
Event: 21.035 Thread 0x0000000059c2b800 Uncommon trap: reason=class_check action=maybe_recompile pc=0x0000000003580988 method=com.google.common.collect.AbstractMapBasedMultimap$WrappedCollection.refreshIfEmpty()V @ 59
Event: 21.035 Thread 0x0000000059c2b800 Uncommon trap: reason=class_check action=maybe_recompile pc=0x0000000003580988 method=com.google.common.collect.AbstractMapBasedMultimap$WrappedCollection.refreshIfEmpty()V @ 59
Event: 21.035 Thread 0x0000000059c2b800 Uncommon trap: reason=class_check action=maybe_recompile pc=0x0000000003580988 method=com.google.common.collect.AbstractMapBasedMultimap$WrappedCollection.refreshIfEmpty()V @ 59

Internal exceptions (10 events):
Event: 21.355 Thread 0x0000000059c2b800 Exception <a 'java/lang/ClassNotFoundException': com/android/build/gradle/tasks/MergeSourceSetFoldersCustomizer> (0x00000000e367f518) thrown at [C:\src\android\AOSP-openjdk\external\jetbrains\jdk\hotspot\src\share\vm\classfile\systemDictionary.cpp, line 21$6»ÿõZ5@
Event: 21.355 Thread 0x0000000059c2b800 Exception <a 'java/lang/ClassNotFoundException': com/android/build/gradle/tasks/MergeSourceSetFolders_DecoratedCustomizer> (0x00000000e36af678) thrown at [C:\src\android\AOSP-openjdk\external\jetbrains\jdk\hotspot\src\share\vm\classfile\systemDictionary.cpp)Ùn\5@
Event: 21.361 Thread 0x0000000059c2b800 Exception <a 'java/lang/ClassNotFoundException': com/android/build/gradle/tasks/GenerateBuildConfig_DecoratedBeanInfo> (0x00000000e37bba60) thrown at [C:\src\android\AOSP-openjdk\external\jetbrains\jdk\hotspot\src\share\vm\classfile\systemDictionary.cpp, l…äà }\5@
Event: 21.361 Thread 0x0000000059c2b800 Exception <a 'java/lang/ClassNotFoundException': com/android/build/gradle/tasks/GenerateBuildConfigBeanInfo> (0x00000000e37ce960) thrown at [C:\src\android\AOSP-openjdk\external\jetbrains\jdk\hotspot\src\share\vm\classfile\systemDictionary.cpp, line 210]
Event: 21.361 Thread 0x0000000059c2b800 Exception <a 'java/lang/ClassNotFoundException': com/android/build/gradle/tasks/GenerateBuildConfigCustomizer> (0x00000000e37e23b0) thrown at [C:\src\android\AOSP-openjdk\external\jetbrains\jdk\hotspot\src\share\vm\classfile\systemDictionary.cpp, line 210]¥a½*É\5@
Event: 21.362 Thread 0x0000000059c2b800 Exception <a 'java/lang/ClassNotFoundException': com/android/build/gradle/tasks/GenerateBuildConfig_DecoratedCustomizer> (0x00000000e382a3c0) thrown at [C:\src\android\AOSP-openjdk\external\jetbrains\jdk\hotspot\src\share\vm\classfile\systemDictionary.cpp,2?E©ga5@
Event: 21.380 Thread 0x0000000059c2b800 Exception <a 'java/lang/ClassNotFoundException': com/android/build/gradle/tasks/ProcessAndroidResources_DecoratedBeanInfo> (0x00000000e3a3eca0) thrown at [C:\src\android\AOSP-openjdk\external\jetbrains\jdk\hotspot\src\share\vm\classfile\systemDictionary.cp
Event: 21.381 Thread 0x0000000059c2b800 Exception <a 'java/lang/ClassNotFoundException': com/android/build/gradle/tasks/ProcessAndroidResourcesBeanInfo> (0x00000000e3a52bb0) thrown at [C:\src\android\AOSP-openjdk\external\jetbrains\jdk\hotspot\src\share\vm\classfile\systemDictionary.cpp, line 21a9gB‡a5@
Event: 21.381 Thread 0x0000000059c2b800 Exception <a 'java/lang/ClassNotFoundException': com/android/build/gradle/tasks/ProcessAndroidResourcesCustomizer> (0x00000000e3a67248) thrown at [C:\src\android\AOSP-openjdk\external\jetbrains\jdk\hotspot\src\share\vm\classfile\systemDictionary.cpp, line ·˜Ï ôa5@
Event: 21.383 Thread 0x0000000059c2b800 Exception <a 'java/lang/ClassNotFoundException': com/android/build/gradle/tasks/ProcessAndroidResources_DecoratedCustomizer> (0x00000000e3adc108) thrown at [C:\src\android\AOSP-openjdk\external\jetbrains\jdk\hotspot\src\share\vm\classfile\systemDictionary.ð|k]ËZ5@

Events (10 events):
Event: 21.440 loading class sun/nio/fs/WindowsFileSystem$2 done
Event: 21.440 loading class java/util/regex/Pattern$SliceU
Event: 21.440 loading class java/util/regex/Pattern$SliceU done
Event: 21.441 loading class com/android/build/gradle/internal/transforms/MergeJavaResourcesTransform$1
Event: 21.441 loading class com/android/build/gradle/internal/transforms/MergeJavaResourcesTransform$1 done
Event: 21.441 loading class com/android/build/api/transform/QualifiedContent$ContentType
Event: 21.441 loading class com/android/build/api/transform/QualifiedContent$ContentType done
Event: 21.441 loading class com/android/build/api/transform/QualifiedContent$ContentType
Event: 21.441 loading class com/android/build/api/transform/QualifiedContent$ContentType done
Event: 21.441 loading class java/util/StringJoiner


Dynamic libraries:
0x000000013f680000 - 0x000000013f6b1000 	D:\Android\Android Studio\jre\bin\java.exe
0x0000000077950000 - 0x0000000077afa000 	C:\Windows\SYSTEM32\ntdll.dll
0x0000000077730000 - 0x000000007784f000 	C:\Windows\system32\kernel32.dll
0x000007fefd9b0000 - 0x000007fefda1a000 	C:\Windows\system32\KERNELBASE.dll
0x000007fefdf30000 - 0x000007fefe00b000 	C:\Windows\system32\ADVAPI32.dll
0x000007feff6c0000 - 0x000007feff75f000 	C:\Windows\system32\msvcrt.dll
0x000007feff1d0000 - 0x000007feff1ef000 	C:\Windows\SYSTEM32\sechost.dll
0x000007fefde00000 - 0x000007fefdf2d000 	C:\Windows\system32\RPCRT4.dll
0x0000000077850000 - 0x000000007794a000 	C:\Windows\system32\USER32.dll
0x000007feff950000 - 0x000007feff9b7000 	C:\Windows\system32\GDI32.dll
0x000007fefdd40000 - 0x000007fefdd4e000 	C:\Windows\system32\LPK.dll
0x000007fefdc70000 - 0x000007fefdd3b000 	C:\Windows\system32\USP10.dll
0x000007fefbf40000 - 0x000007fefc134000 	C:\Windows\WinSxS\amd64_microsoft.windows.common-controls_6595b64144ccf1df_6.0.7601.18837_none_fa3b1e3d17594757\COMCTL32.dll
0x000007fefdd80000 - 0x000007fefddf1000 	C:\Windows\system32\SHLWAPI.dll
0x000007fefdd50000 - 0x000007fefdd7e000 	C:\Windows\system32\IMM32.DLL
0x000007feff070000 - 0x000007feff179000 	C:\Windows\system32\MSCTF.dll
0x0000000056300000 - 0x00000000563d2000 	D:\Android\Android Studio\jre\jre\bin\msvcr100.dll
0x000000006c7e0000 - 0x000000006d01c000 	D:\Android\Android Studio\jre\jre\bin\server\jvm.dll
0x000007fefb050000 - 0x000007fefb059000 	C:\Windows\system32\WSOCK32.dll
0x000007feff180000 - 0x000007feff1cd000 	C:\Windows\system32\WS2_32.dll
0x000007feff940000 - 0x000007feff948000 	C:\Windows\system32\NSI.dll
0x000007fef8fc0000 - 0x000007fef8ffb000 	C:\Windows\system32\WINMM.dll
0x000007fefc990000 - 0x000007fefc99c000 	C:\Windows\system32\VERSION.dll
0x0000000077b10000 - 0x0000000077b17000 	C:\Windows\system32\PSAPI.DLL
0x000007feeead0000 - 0x000007feeeadf000 	D:\Android\Android Studio\jre\jre\bin\verify.dll
0x000007feee490000 - 0x000007feee4b9000 	D:\Android\Android Studio\jre\jre\bin\java.dll
0x000007feee080000 - 0x000007feee096000 	D:\Android\Android Studio\jre\jre\bin\zip.dll
0x000007fefe2e0000 - 0x000007feff06b000 	C:\Windows\system32\SHELL32.dll
0x000007feff9c0000 - 0x000007feffbbc000 	C:\Windows\system32\ole32.dll
0x000007fefd860000 - 0x000007fefd86f000 	C:\Windows\system32\profapi.dll
0x000007feee3e0000 - 0x000007feee3fa000 	D:\Android\Android Studio\jre\jre\bin\net.dll
0x000007fefd060000 - 0x000007fefd0b5000 	C:\Windows\system32\mswsock.dll
0x000007fefd050000 - 0x000007fefd057000 	C:\Windows\System32\wship6.dll
0x000007feee3c0000 - 0x000007feee3d1000 	D:\Android\Android Studio\jre\jre\bin\nio.dll
0x000007fef5080000 - 0x000007fef509e000 	C:\Users\Administrator\.gradle\native\23\windows-amd64\native-platform.dll
0x000007fefd0c0000 - 0x000007fefd0d8000 	C:\Windows\system32\CRYPTSP.dll
0x000007fefcdc0000 - 0x000007fefce07000 	C:\Windows\system32\rsaenh.dll
0x000007fefcb70000 - 0x000007fefcb8e000 	C:\Windows\system32\USERENV.dll
0x000007fefd750000 - 0x000007fefd75f000 	C:\Windows\system32\CRYPTBASE.dll
0x000007fefb630000 - 0x000007fefb657000 	C:\Windows\system32\IPHLPAPI.DLL
0x000007fefb610000 - 0x000007fefb61b000 	C:\Windows\system32\WINNSI.DLL
0x000007fefb0e0000 - 0x000007fefb0f1000 	C:\Windows\system32\dhcpcsvc6.DLL
0x000007fefb0c0000 - 0x000007fefb0d8000 	C:\Windows\system32\dhcpcsvc.DLL
0x000007feee480000 - 0x000007feee48d000 	D:\Android\Android Studio\jre\jre\bin\management.dll
0x000007fefd6f0000 - 0x000007fefd747000 	C:\Windows\system32\apphelp.dll

VM Arguments:
jvm_args: -Xmx1536m -Dfile.encoding=GBK -Duser.country=CN -Duser.language=zh -Duser.variant 
java_command: org.gradle.launcher.daemon.bootstrap.GradleDaemon 3.3
java_class_path (initial): C:\Users\Administrator\.gradle\wrapper\dists\gradle-3.3-all\55gk2rcmfc6p2dg9u9ohc3hw9\gradle-3.3\lib\gradle-launcher-3.3.jar
Launcher Type: SUN_STANDARD

Environment Variables:
PATH=C:\Windows\system32;C:\Windows;C:\Windows\System32\Wbem;C:\Windows\System32\WindowsPowerShell\v1.0\;E:\jinhui_workspace\Java\jdk1.8.0_121\bin;E:\jinhui_workspace\Node.js\;C:\Program Files\Git\cmd;C:\Windows\system32\config\systemprofile\.dnx\bin;C:\Program Files\Microsoft DNX\Dnvm\;C:\Program Files\Microsoft SQL Server\130\Tools\Binn\;C:\Program Files (x86)\Windows Kits\8.1\Windows Performance Toolkit\;C:\Python27;E:\jinhui_workspace\cocos2d-x-3.15\templates;E:\jinhui_workspace\cocos2d-x-3.15\tools\cocos2d-console\bin;\cocos2d-x-3.14.1\templates;C:\Users\Administrator\AppData\Roaming\npm;E:\jinhui_workspace\VSCode\Microsoft VS Code\bin;D:\Android\sdk\tools;D:\Android\sdk\platform-tools;D:\Android\Android Studio\gradle\gradle-3.2\BIN;%JAVA_HOME%;D:\Android\sdk\ndk-bundle;D:\Android\sdk;C:\Users\Administrator\AppData\Local\atom\bin
USERNAME=Administrator
OS=Windows_NT
PROCESSOR_IDENTIFIER=Intel64 Family 6 Model 94 Stepping 3, GenuineIntel



---------------  S Y S T E M  ---------------

OS: Windows 7 , 64 bit Build 7601 (6.1.7601.23807)

CPU:total 4 (4 cores per cpu, 1 threads per core) family 6 model 94 stepping 3, cmov, cx8, fxsr, mmx, sse, sse2, sse3, ssse3, sse4.1, sse4.2, popcnt, avx, avx2, aes, clmul, erms, 3dnowpref, lzcnt, tsc, tscinvbit, bmi1, bmi2, adx

Memory: 4k page, physical 8272300k(928628k free), swap 10367592k(5228k free)

vm_info: OpenJDK 64-Bit Server VM (25.112-b06) for windows-amd64 JRE (1.8.0_112-release-b06), built on Dec  8 2016 00:54:26 by "builder" with MS VC++ 10.0 (VS2010)

time: Wed Jul 19 16:27:06 2017
elapsed time: 21 seconds (0d 0h 0m 21s)

