#
# There is insufficient memory for the Java Runtime Environment to continue.
# Native memory allocation (malloc) failed to allocate 996656 bytes for Chunk::new
# Possible reasons:
#   The system is out of physical RAM or swap space
#   In 32 bit mode, the process size limit was hit
# Possible solutions:
#   Reduce memory load on the system
#   Increase physical memory or swap space
#   Check if swap backing store is full
#   Use 64 bit Java on a 64 bit OS
#   Decrease Java heap size (-Xmx/-Xms)
#   Decrease number of Java threads
#   Decrease Java thread stack sizes (-Xss)
#   Set larger code cache with -XX:ReservedCodeCacheSize=
# This output file may be truncated or incomplete.
#
#  Out of Memory Error (allocation.cpp:390), pid=7044, tid=0x0000000000001f2c
#
# JRE version: OpenJDK Runtime Environment (8.0_112-b06) (build 1.8.0_112-release-b06)
# Java VM: OpenJDK 64-Bit Server VM (25.112-b06 mixed mode windows-amd64 compressed oops)
# Failed to write core dump. Minidumps are not enabled by default on client versions of Windows
#

---------------  T H R E A D  ---------------

Current thread (0x0000000057c74000):  JavaThread "C2 CompilerThread1" daemon [_thread_in_native, id=7980, stack(0x00000000584d0000,0x00000000585d0000)]

Stack: [0x00000000584d0000,0x00000000585d0000]
[error occurred during error reporting (printing stack bounds), id 0xc0000005]

Native frames: (J=compiled Java code, j=interpreted, Vv=VM code, C=native code)


Current CompileTask:
C2:  17505 3605       4       org.gradle.model.internal.type.ModelType::wrap (219 bytes)


---------------  P R O C E S S  ---------------

Java Threads: ( => current thread )
  0x000000005e3fc000 JavaThread "File lock request listener" [_thread_in_native, id=8112, stack(0x000000005c910000,0x000000005ca10000)]
  0x0000000059b20000 JavaThread "pool-1-thread-1" [_thread_blocked, id=8344, stack(0x000000005c3f0000,0x000000005c4f0000)]
  0x000000005909e800 JavaThread "Stdin handler" [_thread_blocked, id=8832, stack(0x000000005c1b0000,0x000000005c2b0000)]
  0x0000000059196000 JavaThread "Asynchronous log dispatcher for DefaultDaemonConnection: socket connection from /127.0.0.1:62296 to /127.0.0.1:62297" [_thread_blocked, id=6844, stack(0x000000005c000000,0x000000005c100000)]
  0x00000000590a1800 JavaThread "Daemon worker" [_thread_in_vm, id=1240, stack(0x000000005be40000,0x000000005bf40000)]
  0x00000000590a0000 JavaThread "Cancel handler" [_thread_blocked, id=8292, stack(0x00000000585d0000,0x00000000586d0000)]
  0x000000005948e000 JavaThread "Handler for socket connection from /127.0.0.1:62296 to /127.0.0.1:62297" [_thread_in_native, id=2928, stack(0x000000005bc20000,0x000000005bd20000)]
  0x0000000059edf800 JavaThread "Daemon" [_thread_blocked, id=7276, stack(0x000000005b910000,0x000000005ba10000)]
  0x0000000059ed1800 JavaThread "Incoming local TCP Connector on port 62296" [_thread_in_native, id=3776, stack(0x000000005b6d0000,0x000000005b7d0000)]
  0x0000000057cb5000 JavaThread "Service Thread" daemon [_thread_blocked, id=8364, stack(0x00000000587b0000,0x00000000588b0000)]
  0x0000000057c75000 JavaThread "C1 CompilerThread2" daemon [_thread_blocked, id=7256, stack(0x0000000058320000,0x0000000058420000)]
=>0x0000000057c74000 JavaThread "C2 CompilerThread1" daemon [_thread_in_native, id=7980, stack(0x00000000584d0000,0x00000000585d0000)]
  0x0000000057c5b000 JavaThread "C2 CompilerThread0" daemon [_thread_in_native, id=6180, stack(0x0000000058220000,0x0000000058320000)]
  0x0000000057c5a800 JavaThread "Attach Listener" daemon [_thread_blocked, id=5792, stack(0x00000000576b0000,0x00000000577b0000)]
  0x0000000055deb800 JavaThread "Signal Dispatcher" daemon [_thread_blocked, id=7800, stack(0x00000000580b0000,0x00000000581b0000)]
  0x0000000055dd7000 JavaThread "Finalizer" daemon [_thread_blocked, id=8108, stack(0x0000000057b50000,0x0000000057c50000)]
  0x0000000055d90000 JavaThread "Reference Handler" daemon [_thread_blocked, id=8052, stack(0x0000000057980000,0x0000000057a80000)]
  0x000000000263e800 JavaThread "main" [_thread_blocked, id=8156, stack(0x0000000002900000,0x0000000002a00000)]

Other Threads:
  0x0000000055d88000 VMThread [stack: 0x00000000577e0000,0x00000000578e0000] [id=8932]
  0x0000000057cc0800 WatcherThread [stack: 0x0000000058990000,0x0000000058a90000] [id=6152]

VM state:not at safepoint (normal execution)

VM Mutex/Monitor currently owned by a thread: None

Heap:
 PSYoungGen      total 69632K, used 30684K [0x00000000e0000000, 0x00000000e4e80000, 0x0000000100000000)
  eden space 58880K, 52% used [0x00000000e0000000,0x00000000e1df7130,0x00000000e3980000)
  from space 10752K, 0% used [0x00000000e3980000,0x00000000e3980000,0x00000000e4400000)
  to   space 9216K, 0% used [0x00000000e4580000,0x00000000e4580000,0x00000000e4e80000)
 ParOldGen       total 68608K, used 14696K [0x00000000a0000000, 0x00000000a4300000, 0x00000000e0000000)
  object space 68608K, 21% used [0x00000000a0000000,0x00000000a0e5a1e8,0x00000000a4300000)
 Metaspace       used 37019K, capacity 37606K, committed 37888K, reserved 1081344K
  class space    used 4921K, capacity 5093K, committed 5120K, reserved 1048576K

Card table byte_map: [0x0000000011dc0000,0x00000000120d0000] byte_map_base: 0x00000000118c0000

Marking Bits: (ParMarkBitMap*) 0x000000006cfa18f0
 Begin Bits: [0x0000000012900000, 0x0000000014100000)
 End Bits:   [0x0000000014100000, 0x0000000015900000)

Polling page: 0x0000000000140000

CodeCache: size=245760Kb used=14000Kb max_used=14001Kb free=231759Kb
 bounds [0x0000000002a00000, 0x00000000037c0000, 0x0000000011a00000]
 total_blobs=4348 nmethods=3639 adapters=622
 compilation: enabled

Compilation events (10 events):
Event: 17.492 Thread 0x0000000057c75000 3845   !   2       java.lang.invoke.MemberName::clone (14 bytes)
Event: 17.493 Thread 0x0000000057c75000 nmethod 3845 0x0000000002ede210 code [0x0000000002ede380, 0x0000000002ede5d8]
Event: 17.493 Thread 0x0000000057c75000 3846       1       org.gradle.api.internal.AbstractTask::getName (5 bytes)
Event: 17.493 Thread 0x0000000057c75000 nmethod 3846 0x0000000002eddf50 code [0x0000000002ede0a0, 0x0000000002ede1b0]
Event: 17.498 Thread 0x0000000057c75000 3847       2       com.google.common.collect.LinkedHashMultimap$ValueSet$1::hasNext (21 bytes)
Event: 17.498 Thread 0x0000000057c75000 nmethod 3847 0x0000000002edda50 code [0x0000000002eddbc0, 0x0000000002eddde8]
Event: 17.498 Thread 0x0000000057c75000 3848       2       com.google.common.collect.LinkedHashMultimap$ValueSet$1::checkForComodification (23 bytes)
Event: 17.498 Thread 0x0000000057c75000 nmethod 3848 0x0000000002edd590 code [0x0000000002edd700, 0x0000000002edd908]
Event: 17.499 Thread 0x0000000057c75000 3849       2       org.gradle.api.Namer$Comparator::compare (24 bytes)
Event: 17.499 Thread 0x0000000057c75000 nmethod 3849 0x0000000002edd110 code [0x0000000002edd280, 0x0000000002edd468]

GC Heap History (10 events):
Event: 13.412 GC heap before
{Heap before GC invocations=7 (full 1):
 PSYoungGen      total 38400K, used 38036K [0x00000000e0000000, 0x00000000e5080000, 0x0000000100000000)
  eden space 33280K, 100% used [0x00000000e0000000,0x00000000e2080000,0x00000000e2080000)
  from space 5120K, 92% used [0x00000000e2080000,0x00000000e2525368,0x00000000e2580000)
  to   space 11264K, 0% used [0x00000000e4580000,0x00000000e4580000,0x00000000e5080000)
 ParOldGen       total 55296K, used 9260K [0x00000000a0000000, 0x00000000a3600000, 0x00000000e0000000)
  object space 55296K, 16% used [0x00000000a0000000,0x00000000a090b018,0x00000000a3600000)
 Metaspace       used 26085K, capacity 26492K, committed 26752K, reserved 1073152K
  class space    used 3592K, capacity 3697K, committed 3712K, reserved 1048576K
Event: 13.417 GC heap after
Heap after GC invocations=7 (full 1):
 PSYoungGen      total 68096K, used 5286K [0x00000000e0000000, 0x00000000e4e80000, 0x0000000100000000)
  eden space 58880K, 0% used [0x00000000e0000000,0x00000000e0000000,0x00000000e3980000)
  from space 9216K, 57% used [0x00000000e4580000,0x00000000e4aa9958,0x00000000e4e80000)
  to   space 10752K, 0% used [0x00000000e3980000,0x00000000e3980000,0x00000000e4400000)
 ParOldGen       total 55296K, used 9268K [0x00000000a0000000, 0x00000000a3600000, 0x00000000e0000000)
  object space 55296K, 16% used [0x00000000a0000000,0x00000000a090d018,0x00000000a3600000)
 Metaspace       used 26085K, capacity 26492K, committed 26752K, reserved 1073152K
  class space    used 3592K, capacity 3697K, committed 3712K, reserved 1048576K
}
Event: 14.659 GC heap before
{Heap before GC invocations=8 (full 1):
 PSYoungGen      total 68096K, used 64166K [0x00000000e0000000, 0x00000000e4e80000, 0x0000000100000000)
  eden space 58880K, 100% used [0x00000000e0000000,0x00000000e3980000,0x00000000e3980000)
  from space 9216K, 57% used [0x00000000e4580000,0x00000000e4aa9958,0x00000000e4e80000)
  to   space 10752K, 0% used [0x00000000e3980000,0x00000000e3980000,0x00000000e4400000)
 ParOldGen       total 55296K, used 9268K [0x00000000a0000000, 0x00000000a3600000, 0x00000000e0000000)
  object space 55296K, 16% used [0x00000000a0000000,0x00000000a090d018,0x00000000a3600000)
 Metaspace       used 29103K, capacity 29564K, committed 29696K, reserved 1075200K
  class space    used 3941K, capacity 4081K, committed 4096K, reserved 1048576K
Event: 14.698 GC heap after
Heap after GC invocations=8 (full 1):
 PSYoungGen      total 69632K, used 5628K [0x00000000e0000000, 0x00000000e4e80000, 0x0000000100000000)
  eden space 58880K, 0% used [0x00000000e0000000,0x00000000e0000000,0x00000000e3980000)
  from space 10752K, 52% used [0x00000000e3980000,0x00000000e3eff3f0,0x00000000e4400000)
  to   space 9216K, 0% used [0x00000000e4580000,0x00000000e4580000,0x00000000e4e80000)
 ParOldGen       total 55296K, used 9276K [0x00000000a0000000, 0x00000000a3600000, 0x00000000e0000000)
  object space 55296K, 16% used [0x00000000a0000000,0x00000000a090f018,0x00000000a3600000)
 Metaspace       used 29103K, capacity 29564K, committed 29696K, reserved 1075200K
  class space    used 3941K, capacity 4081K, committed 4096K, reserved 1048576K
}
Event: 17.036 GC heap before
{Heap before GC invocations=9 (full 1):
 PSYoungGen      total 69632K, used 64508K [0x00000000e0000000, 0x00000000e4e80000, 0x0000000100000000)
  eden space 58880K, 100% used [0x00000000e0000000,0x00000000e3980000,0x00000000e3980000)
  from space 10752K, 52% used [0x00000000e3980000,0x00000000e3eff3f0,0x00000000e4400000)
  to   space 9216K, 0% used [0x00000000e4580000,0x00000000e4580000,0x00000000e4e80000)
 ParOldGen       total 55296K, used 9276K [0x00000000a0000000, 0x00000000a3600000, 0x00000000e0000000)
  object space 55296K, 16% used [0x00000000a0000000,0x00000000a090f018,0x00000000a3600000)
 Metaspace       used 34174K, capacity 34648K, committed 34944K, reserved 1079296K
  class space    used 4558K, capacity 4716K, committed 4736K, reserved 1048576K
Event: 17.045 GC heap after
Heap after GC invocations=9 (full 1):
 PSYoungGen      total 68096K, used 9198K [0x00000000e0000000, 0x00000000e4e80000, 0x0000000100000000)
  eden space 58880K, 0% used [0x00000000e0000000,0x00000000e0000000,0x00000000e3980000)
  from space 9216K, 99% used [0x00000000e4580000,0x00000000e4e7b9a8,0x00000000e4e80000)
  to   space 10752K, 0% used [0x00000000e3980000,0x00000000e3980000,0x00000000e4400000)
 ParOldGen       total 55296K, used 10897K [0x00000000a0000000, 0x00000000a3600000, 0x00000000e0000000)
  object space 55296K, 19% used [0x00000000a0000000,0x00000000a0aa44f0,0x00000000a3600000)
 Metaspace       used 34174K, capacity 34648K, committed 34944K, reserved 1079296K
  class space    used 4558K, capacity 4716K, committed 4736K, reserved 1048576K
}
Event: 17.131 GC heap before
{Heap before GC invocations=10 (full 1):
 PSYoungGen      total 68096K, used 26900K [0x00000000e0000000, 0x00000000e4e80000, 0x0000000100000000)
  eden space 58880K, 30% used [0x00000000e0000000,0x00000000e1149928,0x00000000e3980000)
  from space 9216K, 99% used [0x00000000e4580000,0x00000000e4e7b9a8,0x00000000e4e80000)
  to   space 10752K, 0% used [0x00000000e3980000,0x00000000e3980000,0x00000000e4400000)
 ParOldGen       total 55296K, used 10897K [0x00000000a0000000, 0x00000000a3600000, 0x00000000e0000000)
  object space 55296K, 19% used [0x00000000a0000000,0x00000000a0aa44f0,0x00000000a3600000)
 Metaspace       used 34774K, capacity 35332K, committed 35496K, reserved 1079296K
  class space    used 4649K, capacity 4814K, committed 4864K, reserved 1048576K
Event: 17.148 GC heap after
Heap after GC invocations=10 (full 1):
 PSYoungGen      total 69632K, used 4719K [0x00000000e0000000, 0x00000000e4e80000, 0x0000000100000000)
  eden space 58880K, 0% used [0x00000000e0000000,0x00000000e0000000,0x00000000e3980000)
  from space 10752K, 43% used [0x00000000e3980000,0x00000000e3e1bf08,0x00000000e4400000)
  to   space 9216K, 0% used [0x00000000e4580000,0x00000000e4580000,0x00000000e4e80000)
 ParOldGen       total 55296K, used 14201K [0x00000000a0000000, 0x00000000a3600000, 0x00000000e0000000)
  object space 55296K, 25% used [0x00000000a0000000,0x00000000a0dde560,0x00000000a3600000)
 Metaspace       used 34774K, capacity 35332K, committed 35496K, reserved 1079296K
  class space    used 4649K, capacity 4814K, committed 4864K, reserved 1048576K
}
Event: 17.148 GC heap before
{Heap before GC invocations=11 (full 2):
 PSYoungGen      total 69632K, used 4719K [0x00000000e0000000, 0x00000000e4e80000, 0x0000000100000000)
  eden space 58880K, 0% used [0x00000000e0000000,0x00000000e0000000,0x00000000e3980000)
  from space 10752K, 43% used [0x00000000e3980000,0x00000000e3e1bf08,0x00000000e4400000)
  to   space 9216K, 0% used [0x00000000e4580000,0x00000000e4580000,0x00000000e4e80000)
 ParOldGen       total 55296K, used 14201K [0x00000000a0000000, 0x00000000a3600000, 0x00000000e0000000)
  object space 55296K, 25% used [0x00000000a0000000,0x00000000a0dde560,0x00000000a3600000)
 Metaspace       used 34774K, capacity 35332K, committed 35496K, reserved 1079296K
  class space    used 4649K, capacity 4814K, committed 4864K, reserved 1048576K
Event: 17.243 GC heap after
Heap after GC invocations=11 (full 2):
 PSYoungGen      total 69632K, used 0K [0x00000000e0000000, 0x00000000e4e80000, 0x0000000100000000)
  eden space 58880K, 0% used [0x00000000e0000000,0x00000000e0000000,0x00000000e3980000)
  from space 10752K, 0% used [0x00000000e3980000,0x00000000e3980000,0x00000000e4400000)
  to   space 9216K, 0% used [0x00000000e4580000,0x00000000e4580000,0x00000000e4e80000)
 ParOldGen       total 68608K, used 14696K [0x00000000a0000000, 0x00000000a4300000, 0x00000000e0000000)
  object space 68608K, 21% used [0x00000000a0000000,0x00000000a0e5a1e8,0x00000000a4300000)
 Metaspace       used 34774K, capacity 35332K, committed 35496K, reserved 1079296K
  class space    used 4649K, capacity 4814K, committed 4864K, reserved 1048576K
}

Deoptimization events (10 events):
Event: 16.967 Thread 0x00000000590a1800 Uncommon trap: reason=unstable_if action=reinterpret pc=0x000000000328a668 method=java.util.HashMap.putVal(ILjava/lang/Object;Ljava/lang/Object;ZZ)Ljava/lang/Object; @ 162
Event: 16.967 Thread 0x00000000590a1800 Uncommon trap: reason=unstable_if action=reinterpret pc=0x000000000327d818 method=java.util.HashMap.putVal(ILjava/lang/Object;Ljava/lang/Object;ZZ)Ljava/lang/Object; @ 162
Event: 16.967 Thread 0x00000000590a1800 Uncommon trap: reason=unstable_if action=reinterpret pc=0x0000000002c90b00 method=java.util.HashMap.resize()[Ljava/util/HashMap$Node; @ 206
Event: 17.027 Thread 0x00000000590a1800 Uncommon trap: reason=unstable_if action=reinterpret pc=0x000000000369c2c8 method=java.lang.reflect.Modifier.toString(I)Ljava/lang/String; @ 123
Event: 17.027 Thread 0x00000000590a1800 Uncommon trap: reason=unstable_if action=reinterpret pc=0x00000000036c1a0c method=java.lang.reflect.Modifier.toString(I)Ljava/lang/String; @ 123
Event: 17.371 Thread 0x00000000590a1800 Uncommon trap: reason=unstable_if action=reinterpret pc=0x00000000033c857c method=java.lang.ThreadLocal.get()Ljava/lang/Object; @ 11
Event: 17.403 Thread 0x00000000590a1800 Uncommon trap: reason=unstable_if action=reinterpret pc=0x00000000037b1c64 method=java.util.HashMap.putVal(ILjava/lang/Object;Ljava/lang/Object;ZZ)Ljava/lang/Object; @ 236
Event: 17.420 Thread 0x00000000590a1800 Uncommon trap: reason=unstable_if action=reinterpret pc=0x0000000002b09b2c method=java.lang.CharacterDataLatin1.isWhitespace(I)Z @ 14
Event: 17.436 Thread 0x00000000590a1800 Uncommon trap: reason=unstable_if action=reinterpret pc=0x000000000313a85c method=java.security.CodeSource.getCertificates()[Ljava/security/cert/Certificate; @ 22
Event: 17.446 Thread 0x00000000590a1800 Uncommon trap: reason=unstable_if action=reinterpret pc=0x000000000360e5b0 method=java.util.LinkedHashMap.get(Ljava/lang/Object;)Ljava/lang/Object; @ 20

Internal exceptions (10 events):
Event: 17.348 Thread 0x00000000590a1800 Exception <a 'java/lang/ClassNotFoundException': org/gradle/api/plugins/JavaPluginConventionCustomizer> (0x00000000e0ad22e0) thrown at [C:\src\android\AOSP-openjdk\external\jetbrains\jdk\hotspot\src\share\vm\classfile\systemDictionary.cpp, line 210]
Event: 17.371 Thread 0x00000000590a1800 Implicit null exception at 0x00000000033c84d8 to 0x00000000033c8569
Event: 17.464 Thread 0x00000000590a1800 Exception <a 'java/lang/ClassNotFoundException': com/android/build/gradle/internal/dsl/BuildType_DecoratedBeanInfo> (0x00000000e18b9c60) thrown at [C:\src\android\AOSP-openjdk\external\jetbrains\jdk\hotspot\src\share\vm\classfile\systemDictionary.cpp, lineú˙Íê¬v1@
Event: 17.464 Thread 0x00000000590a1800 Exception <a 'java/lang/ClassNotFoundException': com/android/build/gradle/internal/dsl/BuildTypeBeanInfo> (0x00000000e18cae98) thrown at [C:\src\android\AOSP-openjdk\external\jetbrains\jdk\hotspot\src\share\vm\classfile\systemDictionary.cpp, line 210]
Event: 17.464 Thread 0x00000000590a1800 Exception <a 'java/lang/ClassNotFoundException': com/android/builder/core/DefaultBuildTypeBeanInfo> (0x00000000e18dadc0) thrown at [C:\src\android\AOSP-openjdk\external\jetbrains\jdk\hotspot\src\share\vm\classfile\systemDictionary.cpp, line 210]
Event: 17.464 Thread 0x00000000590a1800 Exception <a 'java/lang/ClassNotFoundException': com/android/builder/internal/BaseConfigImplBeanInfo> (0x00000000e18eb7f0) thrown at [C:\src\android\AOSP-openjdk\external\jetbrains\jdk\hotspot\src\share\vm\classfile\systemDictionary.cpp, line 210]
Event: 17.465 Thread 0x00000000590a1800 Exception <a 'java/lang/ClassNotFoundException': com/android/builder/internal/BaseConfigImplCustomizer> (0x00000000e18fc5e0) thrown at [C:\src\android\AOSP-openjdk\external\jetbrains\jdk\hotspot\src\share\vm\classfile\systemDictionary.cpp, line 210]
Event: 17.465 Thread 0x00000000590a1800 Exception <a 'java/lang/ClassNotFoundException': com/android/builder/core/DefaultBuildTypeCustomizer> (0x00000000e1937d78) thrown at [C:\src\android\AOSP-openjdk\external\jetbrains\jdk\hotspot\src\share\vm\classfile\systemDictionary.cpp, line 210]
Event: 17.466 Thread 0x00000000590a1800 Exception <a 'java/lang/ClassNotFoundException': com/android/build/gradle/internal/dsl/BuildTypeCustomizer> (0x00000000e1966590) thrown at [C:\src\android\AOSP-openjdk\external\jetbrains\jdk\hotspot\src\share\vm\classfile\systemDictionary.cpp, line 210]
Event: 17.467 Thread 0x00000000590a1800 Exception <a 'java/lang/ClassNotFoundException': com/android/build/gradle/internal/dsl/BuildType_DecoratedCustomizer> (0x00000000e19afa20) thrown at [C:\src\android\AOSP-openjdk\external\jetbrains\jdk\hotspot\src\share\vm\classfile\systemDictionary.cpp, liêÙ∑1Y1@

Events (10 events):
Event: 17.497 loading class com/android/sdklib/BuildToolInfo
Event: 17.497 loading class com/android/sdklib/BuildToolInfo done
Event: 17.500 loading class org/gradle/api/Task
Event: 17.500 loading class org/gradle/api/Task done
Event: 17.500 loading class org/gradle/api/Action
Event: 17.500 loading class org/gradle/api/Action done
Event: 17.500 loading class com/android/build/gradle/internal/tasks/LintCompile$ConfigAction
Event: 17.500 loading class com/android/build/gradle/internal/tasks/LintCompile$ConfigAction done
Event: 17.501 loading class com/android/build/gradle/internal/tasks/LintCompile
Event: 17.501 loading class com/android/build/gradle/internal/tasks/LintCompile done


Dynamic libraries:
0x000000013f680000 - 0x000000013f6b1000 	D:\Android\Android Studio\jre\bin\java.exe
0x0000000077950000 - 0x0000000077afa000 	C:\Windows\SYSTEM32\ntdll.dll
0x0000000077730000 - 0x000000007784f000 	C:\Windows\system32\kernel32.dll
0x000007fefd9b0000 - 0x000007fefda1a000 	C:\Windows\system32\KERNELBASE.dll
0x000007fefdf30000 - 0x000007fefe00b000 	C:\Windows\system32\ADVAPI32.dll
0x000007feff6c0000 - 0x000007feff75f000 	C:\Windows\system32\msvcrt.dll
0x000007feff1d0000 - 0x000007feff1ef000 	C:\Windows\SYSTEM32\sechost.dll
0x000007fefde00000 - 0x000007fefdf2d000 	C:\Windows\system32\RPCRT4.dll
0x0000000077850000 - 0x000000007794a000 	C:\Windows\system32\USER32.dll
0x000007feff950000 - 0x000007feff9b7000 	C:\Windows\system32\GDI32.dll
0x000007fefdd40000 - 0x000007fefdd4e000 	C:\Windows\system32\LPK.dll
0x000007fefdc70000 - 0x000007fefdd3b000 	C:\Windows\system32\USP10.dll
0x000007fefbf40000 - 0x000007fefc134000 	C:\Windows\WinSxS\amd64_microsoft.windows.common-controls_6595b64144ccf1df_6.0.7601.18837_none_fa3b1e3d17594757\COMCTL32.dll
0x000007fefdd80000 - 0x000007fefddf1000 	C:\Windows\system32\SHLWAPI.dll
0x000007fefdd50000 - 0x000007fefdd7e000 	C:\Windows\system32\IMM32.DLL
0x000007feff070000 - 0x000007feff179000 	C:\Windows\system32\MSCTF.dll
0x0000000056300000 - 0x00000000563d2000 	D:\Android\Android Studio\jre\jre\bin\msvcr100.dll
0x000000006c7e0000 - 0x000000006d01c000 	D:\Android\Android Studio\jre\jre\bin\server\jvm.dll
0x000007fefb050000 - 0x000007fefb059000 	C:\Windows\system32\WSOCK32.dll
0x000007feff180000 - 0x000007feff1cd000 	C:\Windows\system32\WS2_32.dll
0x000007feff940000 - 0x000007feff948000 	C:\Windows\system32\NSI.dll
0x000007fef8fc0000 - 0x000007fef8ffb000 	C:\Windows\system32\WINMM.dll
0x000007fefc990000 - 0x000007fefc99c000 	C:\Windows\system32\VERSION.dll
0x0000000077b10000 - 0x0000000077b17000 	C:\Windows\system32\PSAPI.DLL
0x000007feeead0000 - 0x000007feeeadf000 	D:\Android\Android Studio\jre\jre\bin\verify.dll
0x000007feee490000 - 0x000007feee4b9000 	D:\Android\Android Studio\jre\jre\bin\java.dll
0x000007feee080000 - 0x000007feee096000 	D:\Android\Android Studio\jre\jre\bin\zip.dll
0x000007fefe2e0000 - 0x000007feff06b000 	C:\Windows\system32\SHELL32.dll
0x000007feff9c0000 - 0x000007feffbbc000 	C:\Windows\system32\ole32.dll
0x000007fefd860000 - 0x000007fefd86f000 	C:\Windows\system32\profapi.dll
0x000007feee3e0000 - 0x000007feee3fa000 	D:\Android\Android Studio\jre\jre\bin\net.dll
0x000007fefd060000 - 0x000007fefd0b5000 	C:\Windows\system32\mswsock.dll
0x000007fefd050000 - 0x000007fefd057000 	C:\Windows\System32\wship6.dll
0x000007feee3c0000 - 0x000007feee3d1000 	D:\Android\Android Studio\jre\jre\bin\nio.dll
0x000007fef5080000 - 0x000007fef509e000 	C:\Users\Administrator\.gradle\native\23\windows-amd64\native-platform.dll
0x000007fefd0c0000 - 0x000007fefd0d8000 	C:\Windows\system32\CRYPTSP.dll
0x000007fefcdc0000 - 0x000007fefce07000 	C:\Windows\system32\rsaenh.dll
0x000007fefcb70000 - 0x000007fefcb8e000 	C:\Windows\system32\USERENV.dll
0x000007fefd750000 - 0x000007fefd75f000 	C:\Windows\system32\CRYPTBASE.dll
0x000007fefb630000 - 0x000007fefb657000 	C:\Windows\system32\IPHLPAPI.DLL
0x000007fefb610000 - 0x000007fefb61b000 	C:\Windows\system32\WINNSI.DLL
0x000007fefb0e0000 - 0x000007fefb0f1000 	C:\Windows\system32\dhcpcsvc6.DLL
0x000007fefb0c0000 - 0x000007fefb0d8000 	C:\Windows\system32\dhcpcsvc.DLL
0x000007feee480000 - 0x000007feee48d000 	D:\Android\Android Studio\jre\jre\bin\management.dll
0x000007fefd6f0000 - 0x000007fefd747000 	C:\Windows\system32\apphelp.dll

VM Arguments:
jvm_args: -Xmx1536m -Dfile.encoding=GBK -Duser.country=CN -Duser.language=zh -Duser.variant 
java_command: org.gradle.launcher.daemon.bootstrap.GradleDaemon 3.3
java_class_path (initial): C:\Users\Administrator\.gradle\wrapper\dists\gradle-3.3-all\55gk2rcmfc6p2dg9u9ohc3hw9\gradle-3.3\lib\gradle-launcher-3.3.jar
Launcher Type: SUN_STANDARD

Environment Variables:
PATH=C:\Windows\system32;C:\Windows;C:\Windows\System32\Wbem;C:\Windows\System32\WindowsPowerShell\v1.0\;E:\jinhui_workspace\Java\jdk1.8.0_121\bin;E:\jinhui_workspace\Node.js\;C:\Program Files\Git\cmd;C:\Windows\system32\config\systemprofile\.dnx\bin;C:\Program Files\Microsoft DNX\Dnvm\;C:\Program Files\Microsoft SQL Server\130\Tools\Binn\;C:\Program Files (x86)\Windows Kits\8.1\Windows Performance Toolkit\;C:\Python27;E:\jinhui_workspace\cocos2d-x-3.15\templates;E:\jinhui_workspace\cocos2d-x-3.15\tools\cocos2d-console\bin;\cocos2d-x-3.14.1\templates;C:\Users\Administrator\AppData\Roaming\npm;E:\jinhui_workspace\VSCode\Microsoft VS Code\bin;D:\Android\sdk\tools;D:\Android\sdk\platform-tools;D:\Android\Android Studio\gradle\gradle-3.2\BIN;%JAVA_HOME%;D:\Android\sdk\ndk-bundle;D:\Android\sdk;C:\Users\Administrator\AppData\Local\atom\bin
USERNAME=Administrator
OS=Windows_NT
PROCESSOR_IDENTIFIER=Intel64 Family 6 Model 94 Stepping 3, GenuineIntel



---------------  S Y S T E M  ---------------

OS: Windows 7 , 64 bit Build 7601 (6.1.7601.23807)

CPU:total 4 (4 cores per cpu, 1 threads per core) family 6 model 94 stepping 3, cmov, cx8, fxsr, mmx, sse, sse2, sse3, ssse3, sse4.1, sse4.2, popcnt, avx, avx2, aes, clmul, erms, 3dnowpref, lzcnt, tsc, tscinvbit, bmi1, bmi2, adx

Memory: 4k page, physical 8272300k(904852k free), swap 10367592k(5520k free)

vm_info: OpenJDK 64-Bit Server VM (25.112-b06) for windows-amd64 JRE (1.8.0_112-release-b06), built on Dec  8 2016 00:54:26 by "builder" with MS VC++ 10.0 (VS2010)

time: Wed Jul 19 16:26:34 2017
elapsed time: 17 seconds (0d 0h 0m 17s)

